#
# There is insufficient memory for the Java Runtime Environment to continue.
# Native memory allocation (malloc) failed to allocate 738416 bytes for Chunk::new
# Possible reasons:
#   The system is out of physical RAM or swap space
#   In 32 bit mode, the process size limit was hit
# Possible solutions:
#   Reduce memory load on the system
#   Increase physical memory or swap space
#   Check if swap backing store is full
#   Use 64 bit Java on a 64 bit OS
#   Decrease Java heap size (-Xmx/-Xms)
#   Decrease number of Java threads
#   Decrease Java thread stack sizes (-Xss)
#   Set larger code cache with -XX:ReservedCodeCacheSize=
# This output file may be truncated or incomplete.
#
#  Out of Memory Error (allocation.cpp:390), pid=11160, tid=9996
#
# JRE version: Java(TM) SE Runtime Environment (8.0_65-b17) (build 1.8.0_65-b17)
# Java VM: Java HotSpot(TM) 64-Bit Server VM (25.65-b01 mixed mode windows-amd64 compressed oops)
# Failed to write core dump. Minidumps are not enabled by default on client versions of Windows
#

---------------  T H R E A D  ---------------

Current thread (0x00000000561c2800):  JavaThread "C2 CompilerThread0" daemon [_thread_in_native, id=9996, stack(0x0000000056a10000,0x0000000056b10000)]

Stack: [0x0000000056a10000,0x0000000056b10000]
[error occurred during error reporting (printing stack bounds), id 0xc0000005]

Native frames: (J=compiled Java code, j=interpreted, Vv=VM code, C=native code)


Current CompileTask:
C2:   3459 1299       4       com.android.dx.ssa.SCCP::simulateStmt (481 bytes)


---------------  P R O C E S S  ---------------

Java Threads: ( => current thread )
  0x000000005646b000 JavaThread "pool-1-thread-4" [_thread_in_Java, id=4908, stack(0x0000000057610000,0x0000000057710000)]
  0x000000005646a800 JavaThread "pool-1-thread-3" [_thread_in_Java, id=8464, stack(0x00000000573e0000,0x00000000574e0000)]
  0x0000000056466800 JavaThread "pool-1-thread-2" [_thread_blocked, id=2712, stack(0x00000000572b0000,0x00000000573b0000)]
  0x0000000056464000 JavaThread "pool-2-thread-1" [_thread_blocked, id=2572, stack(0x0000000057010000,0x0000000057110000)]
  0x00000000564a2000 JavaThread "pool-1-thread-1" [_thread_in_Java, id=5432, stack(0x0000000057120000,0x0000000057220000)]
  0x0000000056224800 JavaThread "Service Thread" daemon [_thread_blocked, id=10880, stack(0x0000000056760000,0x0000000056860000)]
  0x00000000561c6000 JavaThread "C1 CompilerThread2" daemon [_thread_blocked, id=8904, stack(0x0000000056cc0000,0x0000000056dc0000)]
  0x00000000561c4800 JavaThread "C2 CompilerThread1" daemon [_thread_in_native, id=9668, stack(0x0000000056bb0000,0x0000000056cb0000)]
=>0x00000000561c2800 JavaThread "C2 CompilerThread0" daemon [_thread_in_native, id=9996, stack(0x0000000056a10000,0x0000000056b10000)]
  0x0000000054d58800 JavaThread "Attach Listener" daemon [_thread_blocked, id=6288, stack(0x00000000568b0000,0x00000000569b0000)]
  0x0000000054d55000 JavaThread "Signal Dispatcher" daemon [_thread_blocked, id=7808, stack(0x0000000056600000,0x0000000056700000)]
  0x0000000054cf4800 JavaThread "Finalizer" daemon [_thread_blocked, id=10392, stack(0x00000000560c0000,0x00000000561c0000)]
  0x0000000054cf3800 JavaThread "Reference Handler" daemon [_thread_blocked, id=10204, stack(0x0000000055fb0000,0x00000000560b0000)]
  0x0000000001fdf800 JavaThread "main" [_thread_in_vm, id=10736, stack(0x0000000002010000,0x0000000002110000)]

Other Threads:
  0x0000000054cee000 VMThread [stack: 0x0000000055e60000,0x0000000055f60000] [id=4944]
  0x0000000056257800 WatcherThread [stack: 0x0000000056e60000,0x0000000056f60000] [id=4048]

VM state:not at safepoint (normal execution)

VM Mutex/Monitor currently owned by a thread: None

Heap:
 PSYoungGen      total 36864K, used 35773K [0x00000000eab00000, 0x00000000ed400000, 0x0000000100000000)
  eden space 31744K, 96% used [0x00000000eab00000,0x00000000ec8f6338,0x00000000eca00000)
  from space 5120K, 99% used [0x00000000eca00000,0x00000000ecef9108,0x00000000ecf00000)
  to   space 5120K, 0% used [0x00000000ecf00000,0x00000000ecf00000,0x00000000ed400000)
 ParOldGen       total 84992K, used 743K [0x00000000c0000000, 0x00000000c5300000, 0x00000000eab00000)
  object space 84992K, 0% used [0x00000000c0000000,0x00000000c00b9cc0,0x00000000c5300000)
 Metaspace       used 5997K, capacity 7024K, committed 7296K, reserved 1056768K
  class space    used 588K, capacity 616K, committed 640K, reserved 1048576K

Card table byte_map: [0x00000000117a0000,0x00000000119b0000] byte_map_base: 0x00000000111a0000

Marking Bits: (ParMarkBitMap*) 0x000000005ecaa5b0
 Begin Bits: [0x0000000012160000, 0x0000000013160000)
 End Bits:   [0x0000000013160000, 0x0000000014160000)

Polling page: 0x0000000000340000

CodeCache: size=245760Kb used=5501Kb max_used=5501Kb free=240258Kb
 bounds [0x00000000023e0000, 0x0000000002950000, 0x00000000113e0000]
 total_blobs=1633 nmethods=1370 adapters=176
 compilation: enabled

Compilation events (10 events):
Event: 3.394 Thread 0x00000000561c6000 1325       3       com.android.dx.rop.code.RegisterSpec::equals (51 bytes)
Event: 3.395 Thread 0x00000000561c6000 nmethod 1325 0x000000000291ac90 code [0x000000000291ae20, 0x000000000291b3b8]
Event: 3.399 Thread 0x00000000561c6000 1326       3       com.android.dx.rop.code.InsnList::contentEquals (54 bytes)
Event: 3.400 Thread 0x00000000561c6000 nmethod 1326 0x000000000291b510 code [0x000000000291b6e0, 0x000000000291c148]
Event: 3.400 Thread 0x00000000561c6000 1328       3       com.android.dx.rop.code.RegisterSpec::withType (13 bytes)
Event: 3.400 Thread 0x00000000561c6000 nmethod 1328 0x000000000291c490 code [0x000000000291c600, 0x000000000291c7e8]
Event: 3.400 Thread 0x00000000561c6000 1329       3       com.android.dx.ssa.back.SsaToRop::verifyValidExitPredecessor (53 bytes)
Event: 3.401 Thread 0x00000000561c6000 nmethod 1329 0x000000000291c8d0 code [0x000000000291cac0, 0x000000000291d2d8]
Event: 3.401 Thread 0x00000000561c6000 1327       3       com.android.dx.rop.code.Insn::equalsHandleNulls (23 bytes)
Event: 3.401 Thread 0x00000000561c6000 nmethod 1327 0x000000000291d790 code [0x000000000291d900, 0x000000000291dbc8]

GC Heap History (2 events):
Event: 3.074 GC heap before
{Heap before GC invocations=1 (full 0):
 PSYoungGen      total 36864K, used 31744K [0x00000000eab00000, 0x00000000ed400000, 0x0000000100000000)
  eden space 31744K, 100% used [0x00000000eab00000,0x00000000eca00000,0x00000000eca00000)
  from space 5120K, 0% used [0x00000000ecf00000,0x00000000ecf00000,0x00000000ed400000)
  to   space 5120K, 0% used [0x00000000eca00000,0x00000000eca00000,0x00000000ecf00000)
 ParOldGen       total 84992K, used 0K [0x00000000c0000000, 0x00000000c5300000, 0x00000000eab00000)
  object space 84992K, 0% used [0x00000000c0000000,0x00000000c0000000,0x00000000c5300000)
 Metaspace       used 5794K, capacity 6832K, committed 7040K, reserved 1056768K
  class space    used 588K, capacity 616K, committed 640K, reserved 1048576K
Event: 3.089 GC heap after
Heap after GC invocations=1 (full 0):
 PSYoungGen      total 36864K, used 5092K [0x00000000eab00000, 0x00000000ed400000, 0x0000000100000000)
  eden space 31744K, 0% used [0x00000000eab00000,0x00000000eab00000,0x00000000eca00000)
  from space 5120K, 99% used [0x00000000eca00000,0x00000000ecef9108,0x00000000ecf00000)
  to   space 5120K, 0% used [0x00000000ecf00000,0x00000000ecf00000,0x00000000ed400000)
 ParOldGen       total 84992K, used 743K [0x00000000c0000000, 0x00000000c5300000, 0x00000000eab00000)
  object space 84992K, 0% used [0x00000000c0000000,0x00000000c00b9cc0,0x00000000c5300000)
 Metaspace       used 5794K, capacity 6832K, committed 7040K, reserved 1056768K
  class space    used 588K, capacity 616K, committed 640K, reserved 1048576K
}

Deoptimization events (9 events):
Event: 2.302 Thread 0x0000000001fdf800 Uncommon trap: reason=unstable_if action=reinterpret pc=0x0000000002537484 method=java.lang.String.compareTo(Ljava/lang/String;)I @ 38
Event: 2.733 Thread 0x0000000056466800 Uncommon trap: reason=bimorphic action=maybe_recompile pc=0x000000000268ba60 method=java.util.HashMap.getNode(ILjava/lang/Object;)Ljava/util/HashMap$Node; @ 126
Event: 2.944 Thread 0x0000000056466800 Uncommon trap: reason=unstable_if action=reinterpret pc=0x000000000272b440 method=com.android.dx.rop.code.LocalItem.hashCode()I @ 25
Event: 2.944 Thread 0x0000000056466800 Uncommon trap: reason=unstable_if action=reinterpret pc=0x00000000026a981c method=com.android.dx.rop.code.LocalItem.hashCode()I @ 25
Event: 2.944 Thread 0x0000000056466800 Uncommon trap: reason=unstable_if action=reinterpret pc=0x0000000002796f1c method=com.android.dx.rop.code.RegisterSpecSet.put(Lcom/android/dx/rop/code/RegisterSpec;)V @ 77
Event: 3.319 Thread 0x0000000001fdf800 Uncommon trap: reason=unstable_if action=reinterpret pc=0x0000000002704584 method=com.android.dx.rop.cst.Constant.compareTo(Lcom/android/dx/rop/cst/Constant;)I @ 12
Event: 3.362 Thread 0x0000000001fdf800 Uncommon trap: reason=bimorphic action=maybe_recompile pc=0x0000000002609b48 method=java.util.HashMap.getNode(ILjava/lang/Object;)Ljava/util/HashMap$Node; @ 126
Event: 3.363 Thread 0x0000000001fdf800 Uncommon trap: reason=bimorphic action=maybe_recompile pc=0x000000000268ba60 method=java.util.HashMap.getNode(ILjava/lang/Object;)Ljava/util/HashMap$Node; @ 126
Event: 3.393 Thread 0x000000005646b000 Uncommon trap: reason=unstable_if action=reinterpret pc=0x00000000026c9090 method=com.android.dx.rop.code.RegisterSpec.equals(ILcom/android/dx/rop/type/TypeBearer;Lcom/android/dx/rop/code/LocalItem;)Z @ 42

Internal exceptions (2 events):
Event: 0.100 Thread 0x0000000001fdf800 Exception <a 'java/lang/NoSuchMethodError': Method sun.misc.Unsafe.defineClass(Ljava/lang/String;[BII)Ljava/lang/Class; name or signature does not match> (0x00000000eab0d978) thrown at [C:\workspace\8-2-build-windows-amd64-cygwin\jdk8u65\4987\hotspot\src\sC„,¼_¨¹?
Event: 0.100 Thread 0x0000000001fdf800 Exception <a 'java/lang/NoSuchMethodError': Method sun.misc.Unsafe.prefetchRead(Ljava/lang/Object;J)V name or signature does not match> (0x00000000eab0dc60) thrown at [C:\workspace\8-2-build-windows-amd64-cygwin\jdk8u65\4987\hotspot\src\share\vm\prims\jni.

Events (10 events):
Event: 3.319 Thread 0x0000000001fdf800 DEOPT UNPACKING pc=0x000000000242582a sp=0x000000000210e110 mode 2
Event: 3.362 Thread 0x0000000001fdf800 Uncommon trap: trap_request=0xffffffc6 fr.pc=0x0000000002609b48
Event: 3.362 Thread 0x0000000001fdf800 DEOPT PACKING pc=0x0000000002609b48 sp=0x000000000210e420
Event: 3.362 Thread 0x0000000001fdf800 DEOPT UNPACKING pc=0x000000000242582a sp=0x000000000210e390 mode 2
Event: 3.363 Thread 0x0000000001fdf800 Uncommon trap: trap_request=0xffffffc6 fr.pc=0x000000000268ba60
Event: 3.363 Thread 0x0000000001fdf800 DEOPT PACKING pc=0x000000000268ba60 sp=0x000000000210e440
Event: 3.363 Thread 0x0000000001fdf800 DEOPT UNPACKING pc=0x000000000242582a sp=0x000000000210e358 mode 2
Event: 3.393 Thread 0x000000005646b000 Uncommon trap: trap_request=0xffffff65 fr.pc=0x00000000026c9090
Event: 3.393 Thread 0x000000005646b000 DEOPT PACKING pc=0x00000000026c9090 sp=0x000000005770e8d0
Event: 3.393 Thread 0x000000005646b000 DEOPT UNPACKING pc=0x000000000242582a sp=0x000000005770e858 mode 2


Dynamic libraries:
0x000000013f980000 - 0x000000013f9b7000 	C:\Program Files\Java\jdk1.8.0_65\bin\java.exe
0x0000000077a80000 - 0x0000000077c2a000 	C:\windows\SYSTEM32\ntdll.dll
0x0000000077860000 - 0x000000007797f000 	C:\windows\system32\kernel32.dll
0x000007fefda80000 - 0x000007fefdaea000 	C:\windows\system32\KERNELBASE.dll
0x00000000754b0000 - 0x0000000075539000 	C:\windows\System32\SYSFER.DLL
0x000007feff470000 - 0x000007feff54b000 	C:\windows\system32\ADVAPI32.dll
0x000007fefdec0000 - 0x000007fefdf5f000 	C:\windows\system32\msvcrt.dll
0x000007fefe550000 - 0x000007fefe56f000 	C:\windows\SYSTEM32\sechost.dll
0x000007feff550000 - 0x000007feff67d000 	C:\windows\system32\RPCRT4.dll
0x0000000077980000 - 0x0000000077a7a000 	C:\windows\system32\USER32.dll
0x000007feff680000 - 0x000007feff6e7000 	C:\windows\system32\GDI32.dll
0x000007fefe570000 - 0x000007fefe57e000 	C:\windows\system32\LPK.dll
0x000007fefe1d0000 - 0x000007fefe29a000 	C:\windows\system32\USP10.dll
0x000007fefc830000 - 0x000007fefca24000 	C:\windows\WinSxS\amd64_microsoft.windows.common-controls_6595b64144ccf1df_6.0.7601.18837_none_fa3b1e3d17594757\COMCTL32.dll
0x000007fefe2a0000 - 0x000007fefe311000 	C:\windows\system32\SHLWAPI.dll
0x000007feff800000 - 0x000007feff82e000 	C:\windows\system32\IMM32.DLL
0x000007feff6f0000 - 0x000007feff7f9000 	C:\windows\system32\MSCTF.dll
0x0000000071b80000 - 0x0000000071c52000 	C:\Program Files\Java\jdk1.8.0_65\jre\bin\msvcr100.dll
0x000000005e4a0000 - 0x000000005ed29000 	C:\Program Files\Java\jdk1.8.0_65\jre\bin\server\jvm.dll
0x000007fef9f70000 - 0x000007fef9f79000 	C:\windows\system32\WSOCK32.dll
0x000007fefde50000 - 0x000007fefde9d000 	C:\windows\system32\WS2_32.dll
0x000007fefde40000 - 0x000007fefde48000 	C:\windows\system32\NSI.dll
0x000007fefacc0000 - 0x000007fefacfb000 	C:\windows\system32\WINMM.dll
0x000007fefc500000 - 0x000007fefc50c000 	C:\windows\system32\VERSION.dll
0x0000000077c50000 - 0x0000000077c57000 	C:\windows\system32\PSAPI.DLL
0x0000000074580000 - 0x000000007458f000 	C:\Program Files\Java\jdk1.8.0_65\jre\bin\verify.dll
0x0000000074550000 - 0x0000000074579000 	C:\Program Files\Java\jdk1.8.0_65\jre\bin\java.dll
0x0000000074530000 - 0x0000000074546000 	C:\Program Files\Java\jdk1.8.0_65\jre\bin\zip.dll
0x000007fefe6e0000 - 0x000007feff469000 	C:\windows\system32\SHELL32.dll
0x000007fefdfc0000 - 0x000007fefe1c3000 	C:\windows\system32\ole32.dll
0x000007fefd7b0000 - 0x000007fefd7bf000 	C:\windows\system32\profapi.dll

VM Arguments:
jvm_args: -Djava.awt.headless=true -Xmx1024M -Dfile.encoding=windows-1252 -Duser.country=US -Duser.language=en -Duser.variant 
java_command: com.android.dx.command.Main --dex --force-jumbo --num-threads=4 --output C:\Users\IBM_ADMIN\Documents\IBM\Bluemix\android\ChatService\app\build\intermediates\pre-dexed\debug\com.android.support-appcompat-v7-25.0.0_8569c7efc4e5fa9cac788e55a67fb5ad29f5b012.jar C:\Users\IBM_ADMIN\Documents\IBM\Bluemix\android\ChatService\app\build\intermediates\exploded-aar\com.android.support\appcompat-v7\25.0.0\jars\classes.jar
java_class_path (initial): C:\Users\IBM_ADMIN\AppData\Local\Android\sdk\build-tools\24.0.2\lib\dx.jar
Launcher Type: SUN_STANDARD

Environment Variables:
JAVA_HOME=C:\Program Files\Java\jdk1.8.0_65\
CLASSPATH=C:\STAF\samples\demo\STAFDemo.jar;C:\STAF\bin\JSTAF.jar
PATH=C:\STAF\bin;C:\IBM\SDP32\jdk64\jre\bin;C:\ProgramData\Oracle\Java\javapath;C:\windows\system32;C:\windows;C:\windows\System32\Wbem;C:\windows\System32\WindowsPowerShell\v1.0\;C:\Program Files\IBM\Infoprint Select;C:\Program Files\ThinkPad\Bluetooth Software\;C:\Program Files\ThinkPad\Bluetooth Software\syswow64;C:\Program Files\Intel\WiFi\bin\;C:\Program Files\Common Files\Intel\WirelessCommon\;C:\Datacap\dcshared;C:\Program Files\nodejs\;C:\Program Files (x86)\Skype\Phone\;C:\Program Files (x86)\CloudFoundry;C:\Program Files\OpenVPN\bin;C:\Program Files\CloudFoundry;C:\Program Files\IBM\Bluemix\bin;C:\IBM\RationalRLKS\jre\bin;C:\Program Files\Intel\WiFi\bin\;C:\Program Files\Common Files\Intel\WirelessCommon\;C:\UnxUtils\usr\local\wbin;C:\UnxUtils\bin;C:\IBM\SDP\jdk\bin;C:\Users\IBM_ADMIN\AppData\Local\atom\bin;C:\Users\IBM_ADMIN\AppData\Roaming\npm;C:\Program Files\Git\bin;C:\Users\IBM_ADMIN\AppData\Local\.meteor\;C:\IBM\MobileFirst-8.0.0.0\apache-maven-3.3.9\bin;
USERNAME=fechavez
OS=Windows_NT
PROCESSOR_IDENTIFIER=Intel64 Family 6 Model 58 Stepping 9, GenuineIntel



---------------  S Y S T E M  ---------------

OS: Windows 7 , 64 bit Build 7601 (6.1.7601.23569)

CPU:total 4 (2 cores per cpu, 2 threads per core) family 6 model 58 stepping 9, cmov, cx8, fxsr, mmx, sse, sse2, sse3, ssse3, sse4.1, sse4.2, popcnt, avx, aes, clmul, erms, ht, tsc, tscinvbit, tscinv

Memory: 4k page, physical 8054068k(1064148k free), swap 9710276k(337588k free)

vm_info: Java HotSpot(TM) 64-Bit Server VM (25.65-b01) for windows-amd64 JRE (1.8.0_65-b17), built on Oct  6 2015 16:39:20 by "java_re" with MS VC++ 10.0 (VS2010)

time: Mon Dec 05 21:42:05 2016
elapsed time: 3 seconds (0d 0h 0m 3s)

