#
# There is insufficient memory for the Java Runtime Environment to continue.
# Native memory allocation (malloc) failed to allocate 1669536 bytes for Chunk::new
# Possible reasons:
#   The system is out of physical RAM or swap space
#   In 32 bit mode, the process size limit was hit
# Possible solutions:
#   Reduce memory load on the system
#   Increase physical memory or swap space
#   Check if swap backing store is full
#   Use 64 bit Java on a 64 bit OS
#   Decrease Java heap size (-Xmx/-Xms)
#   Decrease number of Java threads
#   Decrease Java thread stack sizes (-Xss)
#   Set larger code cache with -XX:ReservedCodeCacheSize=
# This output file may be truncated or incomplete.
#
#  Out of Memory Error (allocation.cpp:390), pid=10124, tid=1816
#
# JRE version: Java(TM) SE Runtime Environment (8.0_65-b17) (build 1.8.0_65-b17)
# Java VM: Java HotSpot(TM) 64-Bit Server VM (25.65-b01 mixed mode windows-amd64 compressed oops)
# Failed to write core dump. Minidumps are not enabled by default on client versions of Windows
#

---------------  T H R E A D  ---------------

Current thread (0x0000000056194800):  JavaThread "C2 CompilerThread1" daemon [_thread_in_native, id=1816, stack(0x0000000056b70000,0x0000000056c70000)]

Stack: [0x0000000056b70000,0x0000000056c70000]
[error occurred during error reporting (printing stack bounds), id 0xc0000005]

Native frames: (J=compiled Java code, j=interpreted, Vv=VM code, C=native code)


Current CompileTask:
C2:   9168 1620   !   4       com.android.dx.cf.code.Ropper::processBlock (1101 bytes)


---------------  P R O C E S S  ---------------

Java Threads: ( => current thread )
  0x00000000564ae800 JavaThread "pool-1-thread-4" [_thread_blocked, id=5052, stack(0x00000000576e0000,0x00000000577e0000)]
  0x0000000056491000 JavaThread "pool-1-thread-3" [_thread_blocked, id=11004, stack(0x00000000575e0000,0x00000000576e0000)]
  0x0000000056431800 JavaThread "pool-1-thread-2" [_thread_blocked, id=4700, stack(0x0000000057450000,0x0000000057550000)]
  0x00000000563f8800 JavaThread "pool-2-thread-1" [_thread_blocked, id=7744, stack(0x0000000056ed0000,0x0000000056fd0000)]
  0x00000000563fb800 JavaThread "pool-1-thread-1" [_thread_blocked, id=9424, stack(0x0000000057220000,0x0000000057320000)]
  0x0000000056196000 JavaThread "Service Thread" daemon [_thread_blocked, id=4132, stack(0x0000000056dd0000,0x0000000056ed0000)]
  0x0000000056195800 JavaThread "C1 CompilerThread2" daemon [_thread_blocked, id=10260, stack(0x0000000056820000,0x0000000056920000)]
=>0x0000000056194800 JavaThread "C2 CompilerThread1" daemon [_thread_in_native, id=1816, stack(0x0000000056b70000,0x0000000056c70000)]
  0x0000000056143000 JavaThread "C2 CompilerThread0" daemon [_thread_blocked, id=7508, stack(0x00000000569a0000,0x0000000056aa0000)]
  0x0000000056140800 JavaThread "Attach Listener" daemon [_thread_blocked, id=10896, stack(0x00000000566e0000,0x00000000567e0000)]
  0x0000000054d82000 JavaThread "Signal Dispatcher" daemon [_thread_blocked, id=10760, stack(0x0000000056590000,0x0000000056690000)]
  0x0000000054d21800 JavaThread "Finalizer" daemon [_thread_blocked, id=11456, stack(0x0000000056040000,0x0000000056140000)]
  0x0000000054d20000 JavaThread "Reference Handler" daemon [_thread_blocked, id=8740, stack(0x0000000055eb0000,0x0000000055fb0000)]
  0x000000000042f800 JavaThread "main" [_thread_blocked, id=8768, stack(0x0000000001ff0000,0x00000000020f0000)]

Other Threads:
  0x0000000054d1a800 VMThread [stack: 0x0000000055cd0000,0x0000000055dd0000] [id=9688]
  0x00000000561ad800 WatcherThread [stack: 0x0000000056fe0000,0x00000000570e0000] [id=8680]

VM state:not at safepoint (normal execution)

VM Mutex/Monitor currently owned by a thread: None

Heap:
 PSYoungGen      total 68608K, used 25309K [0x00000000eab00000, 0x00000000ef300000, 0x0000000100000000)
  eden space 63488K, 31% used [0x00000000eab00000,0x00000000ebebd8e0,0x00000000ee900000)
  from space 5120K, 99% used [0x00000000eee00000,0x00000000ef2f9c98,0x00000000ef300000)
  to   space 5120K, 0% used [0x00000000ee900000,0x00000000ee900000,0x00000000eee00000)
 ParOldGen       total 84992K, used 3495K [0x00000000c0000000, 0x00000000c5300000, 0x00000000eab00000)
  object space 84992K, 4% used [0x00000000c0000000,0x00000000c0369ea8,0x00000000c5300000)
 Metaspace       used 6094K, capacity 7088K, committed 7296K, reserved 1056768K
  class space    used 591K, capacity 616K, committed 640K, reserved 1048576K

Card table byte_map: [0x0000000011830000,0x0000000011a40000] byte_map_base: 0x0000000011230000

Marking Bits: (ParMarkBitMap*) 0x000000005ecaa5b0
 Begin Bits: [0x0000000012190000, 0x0000000013190000)
 End Bits:   [0x0000000013190000, 0x0000000014190000)

Polling page: 0x0000000000450000

CodeCache: size=245760Kb used=7450Kb max_used=7450Kb free=238309Kb
 bounds [0x0000000002470000, 0x0000000002bc0000, 0x0000000011470000]
 total_blobs=1913 nmethods=1649 adapters=176
 compilation: enabled

Compilation events (10 events):
Event: 9.080 Thread 0x0000000056195800 nmethod 1659 0x0000000002ba5890 code [0x0000000002ba5ae0, 0x0000000002ba6a28]
Event: 9.080 Thread 0x0000000056195800 1660       3       java.util.concurrent.locks.ReentrantLock$NonfairSync::lock (25 bytes)
Event: 9.081 Thread 0x0000000056195800 nmethod 1660 0x0000000002ba9b50 code [0x0000000002ba9d20, 0x0000000002baa558]
Event: 9.081 Thread 0x0000000056143000 nmethod 1658 0x0000000002ba81d0 code [0x0000000002ba8300, 0x0000000002ba83b8]
Event: 9.082 Thread 0x0000000056195800 1661   !   3       java.util.concurrent.FutureTask::run (126 bytes)
Event: 9.083 Thread 0x0000000056195800 nmethod 1661 0x0000000002ba3c50 code [0x0000000002ba3e40, 0x0000000002ba46a8]
Event: 9.113 Thread 0x0000000056195800 1663       3       java.util.concurrent.FutureTask::finishCompletion (74 bytes)
Event: 9.113 Thread 0x0000000056195800 nmethod 1663 0x0000000002ba3310 code [0x0000000002ba34c0, 0x0000000002ba3a68]
Event: 9.113 Thread 0x0000000056195800 1664       3       java.util.concurrent.FutureTask::done (1 bytes)
Event: 9.113 Thread 0x0000000056195800 nmethod 1664 0x0000000002ba3010 code [0x0000000002ba3160, 0x0000000002ba32b0]

GC Heap History (4 events):
Event: 2.748 GC heap before
{Heap before GC invocations=1 (full 0):
 PSYoungGen      total 36864K, used 31744K [0x00000000eab00000, 0x00000000ed400000, 0x0000000100000000)
  eden space 31744K, 100% used [0x00000000eab00000,0x00000000eca00000,0x00000000eca00000)
  from space 5120K, 0% used [0x00000000ecf00000,0x00000000ecf00000,0x00000000ed400000)
  to   space 5120K, 0% used [0x00000000eca00000,0x00000000eca00000,0x00000000ecf00000)
 ParOldGen       total 84992K, used 0K [0x00000000c0000000, 0x00000000c5300000, 0x00000000eab00000)
  object space 84992K, 0% used [0x00000000c0000000,0x00000000c0000000,0x00000000c5300000)
 Metaspace       used 5888K, capacity 6960K, committed 7040K, reserved 1056768K
  class space    used 590K, capacity 616K, committed 640K, reserved 1048576K
Event: 2.807 GC heap after
Heap after GC invocations=1 (full 0):
 PSYoungGen      total 36864K, used 5104K [0x00000000eab00000, 0x00000000ef300000, 0x0000000100000000)
  eden space 31744K, 0% used [0x00000000eab00000,0x00000000eab00000,0x00000000eca00000)
  from space 5120K, 99% used [0x00000000eca00000,0x00000000ecefc378,0x00000000ecf00000)
  to   space 5120K, 0% used [0x00000000eee00000,0x00000000eee00000,0x00000000ef300000)
 ParOldGen       total 84992K, used 282K [0x00000000c0000000, 0x00000000c5300000, 0x00000000eab00000)
  object space 84992K, 0% used [0x00000000c0000000,0x00000000c0046978,0x00000000c5300000)
 Metaspace       used 5888K, capacity 6960K, committed 7040K, reserved 1056768K
  class space    used 590K, capacity 616K, committed 640K, reserved 1048576K
}
Event: 7.031 GC heap before
{Heap before GC invocations=2 (full 0):
 PSYoungGen      total 36864K, used 36848K [0x00000000eab00000, 0x00000000ef300000, 0x0000000100000000)
  eden space 31744K, 100% used [0x00000000eab00000,0x00000000eca00000,0x00000000eca00000)
  from space 5120K, 99% used [0x00000000eca00000,0x00000000ecefc378,0x00000000ecf00000)
  to   space 5120K, 0% used [0x00000000eee00000,0x00000000eee00000,0x00000000ef300000)
 ParOldGen       total 84992K, used 282K [0x00000000c0000000, 0x00000000c5300000, 0x00000000eab00000)
  object space 84992K, 0% used [0x00000000c0000000,0x00000000c0046978,0x00000000c5300000)
 Metaspace       used 6066K, capacity 7088K, committed 7296K, reserved 1056768K
  class space    used 591K, capacity 616K, committed 640K, reserved 1048576K
Event: 7.506 GC heap after
Heap after GC invocations=2 (full 0):
 PSYoungGen      total 68608K, used 5095K [0x00000000eab00000, 0x00000000ef300000, 0x0000000100000000)
  eden space 63488K, 0% used [0x00000000eab00000,0x00000000eab00000,0x00000000ee900000)
  from space 5120K, 99% used [0x00000000eee00000,0x00000000ef2f9c98,0x00000000ef300000)
  to   space 5120K, 0% used [0x00000000ee900000,0x00000000ee900000,0x00000000eee00000)
 ParOldGen       total 84992K, used 3495K [0x00000000c0000000, 0x00000000c5300000, 0x00000000eab00000)
  object space 84992K, 4% used [0x00000000c0000000,0x00000000c0369ea8,0x00000000c5300000)
 Metaspace       used 6066K, capacity 7088K, committed 7296K, reserved 1056768K
  class space    used 591K, capacity 616K, committed 640K, reserved 1048576K
}

Deoptimization events (10 events):
Event: 7.516 Thread 0x0000000056431800 Uncommon trap: reason=unstable_if action=reinterpret pc=0x0000000002ac2b4c method=com.android.dx.rop.code.RegisterSpecSet.localItemToSpec(Lcom/android/dx/rop/code/LocalItem;)Lcom/android/dx/rop/code/RegisterSpec; @ 35
Event: 7.524 Thread 0x0000000056431800 Uncommon trap: reason=unstable_if action=reinterpret pc=0x0000000002aedb34 method=com.android.dx.dex.code.RopToDop.dopFor(Lcom/android/dx/rop/code/Insn;)Lcom/android/dx/dex/code/Dop; @ 747
Event: 7.947 Thread 0x0000000056431800 Uncommon trap: reason=bimorphic action=maybe_recompile pc=0x0000000002b68ad4 method=com.android.dx.rop.code.Rops.opMoveResultPseudo(Lcom/android/dx/rop/type/TypeBearer;)Lcom/android/dx/rop/code/Rop; @ 7
Event: 7.948 Thread 0x0000000056431800 Uncommon trap: reason=class_check action=maybe_recompile pc=0x0000000002b687e4 method=com.android.dx.cf.code.RopperMachine.run(Lcom/android/dx/cf/code/Frame;II)V @ 310
Event: 7.948 Thread 0x0000000056431800 Uncommon trap: reason=bimorphic action=maybe_recompile pc=0x0000000002a8b5c8 method=com.android.dx.ssa.LiteralOpUpgrader.tryReplacingWithConstant(Lcom/android/dx/ssa/NormalSsaInsn;)Z @ 52
Event: 8.395 Thread 0x0000000056491000 Uncommon trap: reason=unstable_if action=reinterpret pc=0x000000000286cfec method=com.android.dx.util.IntList.binarysearch(I)I @ 105
Event: 8.396 Thread 0x0000000056491000 Uncommon trap: reason=unstable_if action=reinterpret pc=0x0000000002a73fa4 method=com.android.dx.ssa.SsaBasicBlock.newFromRop(Lcom/android/dx/rop/code/RopMethod;ILcom/android/dx/ssa/SsaMethod;)Lcom/android/dx/ssa/SsaBasicBlock; @ 164
Event: 8.397 Thread 0x0000000056491000 Uncommon trap: reason=unstable_if action=reinterpret pc=0x0000000002a915bc method=com.android.dx.ssa.SsaMethod.blockIndexToRopLabel(I)I @ 1
Event: 8.412 Thread 0x00000000564ae800 Uncommon trap: reason=bimorphic action=maybe_recompile pc=0x0000000002b68ad4 method=com.android.dx.rop.code.Rops.opMoveResultPseudo(Lcom/android/dx/rop/type/TypeBearer;)Lcom/android/dx/rop/code/Rop; @ 7
Event: 8.413 Thread 0x00000000564ae800 Uncommon trap: reason=bimorphic action=maybe_recompile pc=0x0000000002a8b5c8 method=com.android.dx.ssa.LiteralOpUpgrader.tryReplacingWithConstant(Lcom/android/dx/ssa/NormalSsaInsn;)Z @ 52

Internal exceptions (4 events):
Event: 0.113 Thread 0x000000000042f800 Exception <a 'java/lang/NoSuchMethodError': Method sun.misc.Unsafe.defineClass(Ljava/lang/String;[BII)Ljava/lang/Class; name or signature does not match> (0x00000000eab0d980) thrown at [C:\workspace\8-2-build-windows-amd64-cygwin\jdk8u65\4987\hotspot\src\sÿnŸ	Íº?
Event: 0.113 Thread 0x000000000042f800 Exception <a 'java/lang/NoSuchMethodError': Method sun.misc.Unsafe.prefetchRead(Ljava/lang/Object;J)V name or signature does not match> (0x00000000eab0dc68) thrown at [C:\workspace\8-2-build-windows-amd64-cygwin\jdk8u65\4987\hotspot\src\share\vm\prims\jni.ß0‡”tV@
Event: 4.334 Thread 0x0000000056491000 Implicit null exception at 0x000000000276d0a8 to 0x000000000276dbed
Event: 6.536 Thread 0x0000000056431800 Implicit null exception at 0x00000000027d7092 to 0x00000000027d7182

Events (10 events):
Event: 8.396 Thread 0x0000000056491000 DEOPT UNPACKING pc=0x00000000024b582a sp=0x00000000576deb38 mode 2
Event: 8.397 Thread 0x0000000056491000 Uncommon trap: trap_request=0xffffff65 fr.pc=0x0000000002a915bc
Event: 8.397 Thread 0x0000000056491000 DEOPT PACKING pc=0x0000000002a915bc sp=0x00000000576dead0
Event: 8.397 Thread 0x0000000056491000 DEOPT UNPACKING pc=0x00000000024b582a sp=0x00000000576de9f8 mode 2
Event: 8.412 Thread 0x00000000564ae800 Uncommon trap: trap_request=0xffffffc6 fr.pc=0x0000000002b68ad4
Event: 8.412 Thread 0x00000000564ae800 DEOPT PACKING pc=0x0000000002b68ad4 sp=0x00000000577de580
Event: 8.412 Thread 0x00000000564ae800 DEOPT UNPACKING pc=0x00000000024b582a sp=0x00000000577de4b8 mode 2
Event: 8.413 Thread 0x00000000564ae800 Uncommon trap: trap_request=0xffffffc6 fr.pc=0x0000000002a8b5c8
Event: 8.413 Thread 0x00000000564ae800 DEOPT PACKING pc=0x0000000002a8b5c8 sp=0x00000000577dec50
Event: 8.413 Thread 0x00000000564ae800 DEOPT UNPACKING pc=0x00000000024b582a sp=0x00000000577deb48 mode 2


Dynamic libraries:
0x000000013f980000 - 0x000000013f9b7000 	C:\Program Files\Java\jdk1.8.0_65\bin\java.exe
0x0000000077a80000 - 0x0000000077c2a000 	C:\windows\SYSTEM32\ntdll.dll
0x0000000077860000 - 0x000000007797f000 	C:\windows\system32\kernel32.dll
0x000007fefda80000 - 0x000007fefdaea000 	C:\windows\system32\KERNELBASE.dll
0x00000000754b0000 - 0x0000000075539000 	C:\windows\System32\SYSFER.DLL
0x000007feff470000 - 0x000007feff54b000 	C:\windows\system32\ADVAPI32.dll
0x000007fefdec0000 - 0x000007fefdf5f000 	C:\windows\system32\msvcrt.dll
0x000007fefe550000 - 0x000007fefe56f000 	C:\windows\SYSTEM32\sechost.dll
0x000007feff550000 - 0x000007feff67d000 	C:\windows\system32\RPCRT4.dll
0x0000000077980000 - 0x0000000077a7a000 	C:\windows\system32\USER32.dll
0x000007feff680000 - 0x000007feff6e7000 	C:\windows\system32\GDI32.dll
0x000007fefe570000 - 0x000007fefe57e000 	C:\windows\system32\LPK.dll
0x000007fefe1d0000 - 0x000007fefe29a000 	C:\windows\system32\USP10.dll
0x000007fefc830000 - 0x000007fefca24000 	C:\windows\WinSxS\amd64_microsoft.windows.common-controls_6595b64144ccf1df_6.0.7601.18837_none_fa3b1e3d17594757\COMCTL32.dll
0x000007fefe2a0000 - 0x000007fefe311000 	C:\windows\system32\SHLWAPI.dll
0x000007feff800000 - 0x000007feff82e000 	C:\windows\system32\IMM32.DLL
0x000007feff6f0000 - 0x000007feff7f9000 	C:\windows\system32\MSCTF.dll
0x0000000071b80000 - 0x0000000071c52000 	C:\Program Files\Java\jdk1.8.0_65\jre\bin\msvcr100.dll
0x000000005e4a0000 - 0x000000005ed29000 	C:\Program Files\Java\jdk1.8.0_65\jre\bin\server\jvm.dll
0x000007fef9f70000 - 0x000007fef9f79000 	C:\windows\system32\WSOCK32.dll
0x000007fefde50000 - 0x000007fefde9d000 	C:\windows\system32\WS2_32.dll
0x000007fefde40000 - 0x000007fefde48000 	C:\windows\system32\NSI.dll
0x000007fefacc0000 - 0x000007fefacfb000 	C:\windows\system32\WINMM.dll
0x000007fefc500000 - 0x000007fefc50c000 	C:\windows\system32\VERSION.dll
0x0000000077c50000 - 0x0000000077c57000 	C:\windows\system32\PSAPI.DLL
0x0000000074580000 - 0x000000007458f000 	C:\Program Files\Java\jdk1.8.0_65\jre\bin\verify.dll
0x0000000074550000 - 0x0000000074579000 	C:\Program Files\Java\jdk1.8.0_65\jre\bin\java.dll
0x0000000074530000 - 0x0000000074546000 	C:\Program Files\Java\jdk1.8.0_65\jre\bin\zip.dll
0x000007fefe6e0000 - 0x000007feff469000 	C:\windows\system32\SHELL32.dll
0x000007fefdfc0000 - 0x000007fefe1c3000 	C:\windows\system32\ole32.dll
0x000007fefd7b0000 - 0x000007fefd7bf000 	C:\windows\system32\profapi.dll

VM Arguments:
jvm_args: -Djava.awt.headless=true -Xmx1024M -Dfile.encoding=windows-1252 -Duser.country=US -Duser.language=en -Duser.variant 
java_command: com.android.dx.command.Main --dex --force-jumbo --num-threads=4 --output C:\Users\IBM_ADMIN\Documents\IBM\Bluemix\android\ChatService\app\build\intermediates\pre-dexed\debug\com.android.support-support-compat-25.0.0_de0e376f27faaa9374dd2ca36284cd14fd7a4183.jar C:\Users\IBM_ADMIN\Documents\IBM\Bluemix\android\ChatService\app\build\intermediates\exploded-aar\com.android.support\support-compat\25.0.0\jars\classes.jar
java_class_path (initial): C:\Users\IBM_ADMIN\AppData\Local\Android\sdk\build-tools\24.0.2\lib\dx.jar
Launcher Type: SUN_STANDARD

Environment Variables:
JAVA_HOME=C:\Program Files\Java\jdk1.8.0_65\
CLASSPATH=C:\STAF\samples\demo\STAFDemo.jar;C:\STAF\bin\JSTAF.jar
PATH=C:\STAF\bin;C:\IBM\SDP32\jdk64\jre\bin;C:\ProgramData\Oracle\Java\javapath;C:\windows\system32;C:\windows;C:\windows\System32\Wbem;C:\windows\System32\WindowsPowerShell\v1.0\;C:\Program Files\IBM\Infoprint Select;C:\Program Files\ThinkPad\Bluetooth Software\;C:\Program Files\ThinkPad\Bluetooth Software\syswow64;C:\Program Files\Intel\WiFi\bin\;C:\Program Files\Common Files\Intel\WirelessCommon\;C:\Datacap\dcshared;C:\Program Files\nodejs\;C:\Program Files (x86)\Skype\Phone\;C:\Program Files (x86)\CloudFoundry;C:\Program Files\OpenVPN\bin;C:\Program Files\CloudFoundry;C:\Program Files\IBM\Bluemix\bin;C:\IBM\RationalRLKS\jre\bin;C:\Program Files\Intel\WiFi\bin\;C:\Program Files\Common Files\Intel\WirelessCommon\;C:\UnxUtils\usr\local\wbin;C:\UnxUtils\bin;C:\IBM\SDP\jdk\bin;C:\Users\IBM_ADMIN\AppData\Local\atom\bin;C:\Users\IBM_ADMIN\AppData\Roaming\npm;C:\Program Files\Git\bin;C:\Users\IBM_ADMIN\AppData\Local\.meteor\;C:\IBM\MobileFirst-8.0.0.0\apache-maven-3.3.9\bin;
USERNAME=fechavez
OS=Windows_NT
PROCESSOR_IDENTIFIER=Intel64 Family 6 Model 58 Stepping 9, GenuineIntel



---------------  S Y S T E M  ---------------

OS: Windows 7 , 64 bit Build 7601 (6.1.7601.23569)

CPU:total 4 (2 cores per cpu, 2 threads per core) family 6 model 58 stepping 9, cmov, cx8, fxsr, mmx, sse, sse2, sse3, ssse3, sse4.1, sse4.2, popcnt, avx, aes, clmul, erms, ht, tsc, tscinvbit, tscinv

Memory: 4k page, physical 8054068k(1018344k free), swap 9710276k(5316k free)

vm_info: Java HotSpot(TM) 64-Bit Server VM (25.65-b01) for windows-amd64 JRE (1.8.0_65-b17), built on Oct  6 2015 16:39:20 by "java_re" with MS VC++ 10.0 (VS2010)

time: Mon Dec 05 21:43:51 2016
elapsed time: 9 seconds (0d 0h 0m 9s)

