#
# There is insufficient memory for the Java Runtime Environment to continue.
# Native memory allocation (malloc) failed to allocate 131088 bytes for Chunk::new
# Possible reasons:
#   The system is out of physical RAM or swap space
#   In 32 bit mode, the process size limit was hit
# Possible solutions:
#   Reduce memory load on the system
#   Increase physical memory or swap space
#   Check if swap backing store is full
#   Use 64 bit Java on a 64 bit OS
#   Decrease Java heap size (-Xmx/-Xms)
#   Decrease number of Java threads
#   Decrease Java thread stack sizes (-Xss)
#   Set larger code cache with -XX:ReservedCodeCacheSize=
# This output file may be truncated or incomplete.
#
#  Out of Memory Error (allocation.cpp:390), pid=10028, tid=11028
#
# JRE version: Java(TM) SE Runtime Environment (8.0_65-b17) (build 1.8.0_65-b17)
# Java VM: Java HotSpot(TM) 64-Bit Server VM (25.65-b01 mixed mode windows-amd64 compressed oops)
# Failed to write core dump. Minidumps are not enabled by default on client versions of Windows
#

---------------  T H R E A D  ---------------

Current thread (0x0000000056213000):  JavaThread "C2 CompilerThread0" daemon [_thread_in_native, id=11028, stack(0x0000000056b50000,0x0000000056c50000)]

Stack: [0x0000000056b50000,0x0000000056c50000]
[error occurred during error reporting (printing stack bounds), id 0xc0000005]

Native frames: (J=compiled Java code, j=interpreted, Vv=VM code, C=native code)


Current CompileTask:
C2:  12815 1829       4       com.android.dx.ssa.SsaConverter::placePhiFunctions (394 bytes)


---------------  P R O C E S S  ---------------

Java Threads: ( => current thread )
  0x00000000564ca000 JavaThread "pool-1-thread-4" [_thread_blocked, id=10980, stack(0x0000000057cb0000,0x0000000057db0000)]
  0x00000000565d7000 JavaThread "pool-1-thread-3" [_thread_in_Java, id=1948, stack(0x0000000056800000,0x0000000056900000)]
  0x00000000565d3000 JavaThread "pool-1-thread-2" [_thread_blocked, id=812, stack(0x0000000056a50000,0x0000000056b50000)]
  0x00000000564f6000 JavaThread "pool-2-thread-1" [_thread_blocked, id=10080, stack(0x0000000057ad0000,0x0000000057bd0000)]
  0x00000000564c1000 JavaThread "pool-1-thread-1" [_thread_blocked, id=10704, stack(0x0000000057960000,0x0000000057a60000)]
  0x000000005627b000 JavaThread "Service Thread" daemon [_thread_blocked, id=8772, stack(0x0000000056e70000,0x0000000056f70000)]
  0x0000000056219800 JavaThread "C1 CompilerThread2" daemon [_thread_blocked, id=10736, stack(0x0000000056c60000,0x0000000056d60000)]
  0x0000000056215000 JavaThread "C2 CompilerThread1" daemon [_thread_blocked, id=10132, stack(0x0000000056d60000,0x0000000056e60000)]
=>0x0000000056213000 JavaThread "C2 CompilerThread0" daemon [_thread_in_native, id=11028, stack(0x0000000056b50000,0x0000000056c50000)]
  0x0000000056210800 JavaThread "Attach Listener" daemon [_thread_blocked, id=8980, stack(0x0000000056910000,0x0000000056a10000)]
  0x0000000054db2000 JavaThread "Signal Dispatcher" daemon [_thread_blocked, id=1320, stack(0x0000000056690000,0x0000000056790000)]
  0x0000000054d57000 JavaThread "Finalizer" daemon [_thread_blocked, id=11708, stack(0x0000000056110000,0x0000000056210000)]
  0x0000000054d50000 JavaThread "Reference Handler" daemon [_thread_blocked, id=8020, stack(0x0000000055db0000,0x0000000055eb0000)]
  0x000000000046f800 JavaThread "main" [_thread_blocked, id=8464, stack(0x0000000002270000,0x0000000002370000)]

Other Threads:
  0x0000000054d4a800 VMThread [stack: 0x0000000055f80000,0x0000000056080000] [id=7028]
  0x000000005628d800 WatcherThread [stack: 0x0000000057030000,0x0000000057130000] [id=4944]

VM state:not at safepoint (normal execution)

VM Mutex/Monitor currently owned by a thread: None

Heap:
 PSYoungGen      total 68608K, used 37292K [0x00000000eab00000, 0x00000000ef300000, 0x0000000100000000)
  eden space 63488K, 50% used [0x00000000eab00000,0x00000000eca71608,0x00000000ee900000)
  from space 5120K, 99% used [0x00000000eee00000,0x00000000ef2f9c98,0x00000000ef300000)
  to   space 5120K, 0% used [0x00000000ee900000,0x00000000ee900000,0x00000000eee00000)
 ParOldGen       total 84992K, used 3685K [0x00000000c0000000, 0x00000000c5300000, 0x00000000eab00000)
  object space 84992K, 4% used [0x00000000c0000000,0x00000000c0399418,0x00000000c5300000)
 Metaspace       used 6153K, capacity 7152K, committed 7296K, reserved 1056768K
  class space    used 590K, capacity 616K, committed 640K, reserved 1048576K

Card table byte_map: [0x0000000011a00000,0x0000000011c10000] byte_map_base: 0x0000000011400000

Marking Bits: (ParMarkBitMap*) 0x000000005ecaa5b0
 Begin Bits: [0x00000000121c0000, 0x00000000131c0000)
 End Bits:   [0x00000000131c0000, 0x00000000141c0000)

Polling page: 0x0000000000330000

CodeCache: size=245760Kb used=8109Kb max_used=8127Kb free=237650Kb
 bounds [0x0000000002640000, 0x0000000002e40000, 0x0000000011640000]
 total_blobs=2073 nmethods=1809 adapters=176
 compilation: enabled

Compilation events (10 events):
Event: 12.475 Thread 0x0000000056213000 nmethod 1824 0x0000000002e1c7d0 code [0x0000000002e1c900, 0x0000000002e1ca58]
Event: 12.717 Thread 0x0000000056219800 1825       1       com.android.dx.cf.attrib.AttSignature::byteLength (3 bytes)
Event: 12.717 Thread 0x0000000056219800 nmethod 1825 0x0000000002e07bd0 code [0x0000000002e07d20, 0x0000000002e07e30]
Event: 12.737 Thread 0x0000000056215000 1826       4       com.android.dx.rop.code.RegisterSpec::getType (10 bytes)
Event: 12.738 Thread 0x0000000056215000 nmethod 1826 0x0000000002e04110 code [0x0000000002e04240, 0x0000000002e042b8]
Event: 12.739 Thread 0x0000000056219800 1827       3       com.android.dx.ssa.back.IdenticalBlockCombiner::replaceSucc (83 bytes)
Event: 12.740 Thread 0x0000000056219800 nmethod 1827 0x0000000002e1cd50 code [0x0000000002e1cf40, 0x0000000002e1dc58]
Event: 12.740 Thread 0x0000000056219800 1828       3       com.android.dx.rop.type.Type::getComponentType (70 bytes)
Event: 12.740 Thread 0x0000000056213000 1829       4       com.android.dx.ssa.SsaConverter::placePhiFunctions (394 bytes)
Event: 12.741 Thread 0x0000000056219800 nmethod 1828 0x0000000002e17f50 code [0x0000000002e18160, 0x0000000002e18c68]

GC Heap History (4 events):
Event: 3.389 GC heap before
{Heap before GC invocations=1 (full 0):
 PSYoungGen      total 36864K, used 31744K [0x00000000eab00000, 0x00000000ed400000, 0x0000000100000000)
  eden space 31744K, 100% used [0x00000000eab00000,0x00000000eca00000,0x00000000eca00000)
  from space 5120K, 0% used [0x00000000ecf00000,0x00000000ecf00000,0x00000000ed400000)
  to   space 5120K, 0% used [0x00000000eca00000,0x00000000eca00000,0x00000000ecf00000)
 ParOldGen       total 84992K, used 0K [0x00000000c0000000, 0x00000000c5300000, 0x00000000eab00000)
  object space 84992K, 0% used [0x00000000c0000000,0x00000000c0000000,0x00000000c5300000)
 Metaspace       used 5905K, capacity 6960K, committed 7040K, reserved 1056768K
  class space    used 589K, capacity 616K, committed 640K, reserved 1048576K
Event: 3.532 GC heap after
Heap after GC invocations=1 (full 0):
 PSYoungGen      total 36864K, used 5108K [0x00000000eab00000, 0x00000000ef300000, 0x0000000100000000)
  eden space 31744K, 0% used [0x00000000eab00000,0x00000000eab00000,0x00000000eca00000)
  from space 5120K, 99% used [0x00000000eca00000,0x00000000ecefd1b8,0x00000000ecf00000)
  to   space 5120K, 0% used [0x00000000eee00000,0x00000000eee00000,0x00000000ef300000)
 ParOldGen       total 84992K, used 344K [0x00000000c0000000, 0x00000000c5300000, 0x00000000eab00000)
  object space 84992K, 0% used [0x00000000c0000000,0x00000000c0056378,0x00000000c5300000)
 Metaspace       used 5905K, capacity 6960K, committed 7040K, reserved 1056768K
  class space    used 589K, capacity 616K, committed 640K, reserved 1048576K
}
Event: 4.557 GC heap before
{Heap before GC invocations=2 (full 0):
 PSYoungGen      total 36864K, used 36852K [0x00000000eab00000, 0x00000000ef300000, 0x0000000100000000)
  eden space 31744K, 100% used [0x00000000eab00000,0x00000000eca00000,0x00000000eca00000)
  from space 5120K, 99% used [0x00000000eca00000,0x00000000ecefd1b8,0x00000000ecf00000)
  to   space 5120K, 0% used [0x00000000eee00000,0x00000000eee00000,0x00000000ef300000)
 ParOldGen       total 84992K, used 344K [0x00000000c0000000, 0x00000000c5300000, 0x00000000eab00000)
  object space 84992K, 0% used [0x00000000c0000000,0x00000000c0056378,0x00000000c5300000)
 Metaspace       used 6045K, capacity 7088K, committed 7296K, reserved 1056768K
  class space    used 589K, capacity 616K, committed 640K, reserved 1048576K
Event: 4.657 GC heap after
Heap after GC invocations=2 (full 0):
 PSYoungGen      total 68608K, used 5095K [0x00000000eab00000, 0x00000000ef300000, 0x0000000100000000)
  eden space 63488K, 0% used [0x00000000eab00000,0x00000000eab00000,0x00000000ee900000)
  from space 5120K, 99% used [0x00000000eee00000,0x00000000ef2f9c98,0x00000000ef300000)
  to   space 5120K, 0% used [0x00000000ee900000,0x00000000ee900000,0x00000000eee00000)
 ParOldGen       total 84992K, used 3685K [0x00000000c0000000, 0x00000000c5300000, 0x00000000eab00000)
  object space 84992K, 4% used [0x00000000c0000000,0x00000000c0399418,0x00000000c5300000)
 Metaspace       used 6045K, capacity 7088K, committed 7296K, reserved 1056768K
  class space    used 589K, capacity 616K, committed 640K, reserved 1048576K
}

Deoptimization events (10 events):
Event: 4.513 Thread 0x00000000564ca000 Uncommon trap: reason=unstable_if action=reinterpret pc=0x0000000002b712a0 method=com.android.dx.ssa.SsaRenamer$BlockRenamer.visitMoveInsn(Lcom/android/dx/ssa/NormalSsaInsn;)V @ 104
Event: 4.694 Thread 0x00000000565d3000 Uncommon trap: reason=uninitialized action=reinterpret pc=0x0000000002bbd63c method=com.android.dx.cf.code.BytecodeArray.parseInstruction(ILcom/android/dx/cf/code/BytecodeArray$Visitor;)I @ 1047
Event: 4.696 Thread 0x00000000565d3000 Uncommon trap: reason=unstable_if action=reinterpret pc=0x000000000290d384 method=com.android.dx.rop.cst.Constant.compareTo(Lcom/android/dx/rop/cst/Constant;)I @ 12
Event: 5.768 Thread 0x00000000565d3000 Uncommon trap: reason=unstable_if action=reinterpret pc=0x0000000002b11d6c method=com.android.dx.util.IntList.binarysearch(I)I @ 105
Event: 11.819 Thread 0x00000000565d3000 Uncommon trap: reason=bimorphic action=maybe_recompile pc=0x0000000002cf0878 method=com.android.dx.rop.code.RegisterSpec.withSimpleType()Lcom/android/dx/rop/code/RegisterSpec; @ 21
Event: 11.821 Thread 0x00000000565d3000 Uncommon trap: reason=bimorphic action=maybe_recompile pc=0x0000000002cf0878 method=com.android.dx.rop.code.RegisterSpec.withSimpleType()Lcom/android/dx/rop/code/RegisterSpec; @ 21
Event: 11.829 Thread 0x00000000565d3000 Uncommon trap: reason=unstable_if action=reinterpret pc=0x0000000002cef510 method=com.android.dx.rop.code.RegisterSpec.equals(ILcom/android/dx/rop/type/TypeBearer;Lcom/android/dx/rop/code/LocalItem;)Z @ 42
Event: 12.429 Thread 0x00000000565d7000 Uncommon trap: reason=unstable_if action=reinterpret pc=0x0000000002b818cc method=com.android.dx.ssa.SCCP.simulateStmt(Lcom/android/dx/ssa/SsaInsn;)V @ 53
Event: 12.737 Thread 0x00000000565d7000 Uncommon trap: reason=bimorphic action=maybe_recompile pc=0x0000000002e21e1c method=com.android.dx.cf.code.BytecodeArray.parseInstruction(ILcom/android/dx/cf/code/BytecodeArray$Visitor;)I @ 1501
Event: 12.737 Thread 0x00000000565d7000 Uncommon trap: reason=bimorphic action=maybe_recompile pc=0x0000000002e21e1c method=com.android.dx.cf.code.BytecodeArray.parseInstruction(ILcom/android/dx/cf/code/BytecodeArray$Visitor;)I @ 1501

Internal exceptions (3 events):
Event: 0.282 Thread 0x000000000046f800 Exception <a 'java/lang/NoSuchMethodError': Method sun.misc.Unsafe.defineClass(Ljava/lang/String;[BII)Ljava/lang/Class; name or signature does not match> (0x00000000eab0d980) thrown at [C:\workspace\8-2-build-windows-amd64-cygwin\jdk8u65\4987\hotspot\src\sá‰–¶ÈÒ?
Event: 0.282 Thread 0x000000000046f800 Exception <a 'java/lang/NoSuchMethodError': Method sun.misc.Unsafe.prefetchRead(Ljava/lang/Object;J)V name or signature does not match> (0x00000000eab0dc68) thrown at [C:\workspace\8-2-build-windows-amd64-cygwin\jdk8u65\4987\hotspot\src\share\vm\prims\jni.!Ò¸l@
Event: 3.754 Thread 0x000000000046f800 Implicit null exception at 0x00000000029e9479 to 0x00000000029ea039

Events (10 events):
Event: 12.310 Thread 0x00000000565d7000 DEOPT UNPACKING pc=0x000000000268787f sp=0x00000000568fe310 mode 0
Event: 12.429 Thread 0x00000000565d7000 Uncommon trap: trap_request=0xffffff65 fr.pc=0x0000000002b818cc
Event: 12.429 Thread 0x00000000565d7000 DEOPT PACKING pc=0x0000000002b818cc sp=0x00000000568fe430
Event: 12.429 Thread 0x00000000565d7000 DEOPT UNPACKING pc=0x000000000268582a sp=0x00000000568fe458 mode 2
Event: 12.737 Thread 0x00000000565d7000 Uncommon trap: trap_request=0xffffffc6 fr.pc=0x0000000002e21e1c
Event: 12.737 Thread 0x00000000565d7000 DEOPT PACKING pc=0x0000000002e21e1c sp=0x00000000568fe300
Event: 12.737 Thread 0x00000000565d7000 DEOPT UNPACKING pc=0x000000000268582a sp=0x00000000568fe2d0 mode 2
Event: 12.737 Thread 0x00000000565d7000 Uncommon trap: trap_request=0xffffffc6 fr.pc=0x0000000002e21e1c
Event: 12.737 Thread 0x00000000565d7000 DEOPT PACKING pc=0x0000000002e21e1c sp=0x00000000568fe3c0
Event: 12.737 Thread 0x00000000565d7000 DEOPT UNPACKING pc=0x000000000268582a sp=0x00000000568fe390 mode 2


Dynamic libraries:
0x000000013f980000 - 0x000000013f9b7000 	C:\Program Files\Java\jdk1.8.0_65\bin\java.exe
0x0000000077a80000 - 0x0000000077c2a000 	C:\windows\SYSTEM32\ntdll.dll
0x0000000077860000 - 0x000000007797f000 	C:\windows\system32\kernel32.dll
0x000007fefda80000 - 0x000007fefdaea000 	C:\windows\system32\KERNELBASE.dll
0x00000000754b0000 - 0x0000000075539000 	C:\windows\System32\SYSFER.DLL
0x000007feff470000 - 0x000007feff54b000 	C:\windows\system32\ADVAPI32.dll
0x000007fefdec0000 - 0x000007fefdf5f000 	C:\windows\system32\msvcrt.dll
0x000007fefe550000 - 0x000007fefe56f000 	C:\windows\SYSTEM32\sechost.dll
0x000007feff550000 - 0x000007feff67d000 	C:\windows\system32\RPCRT4.dll
0x0000000077980000 - 0x0000000077a7a000 	C:\windows\system32\USER32.dll
0x000007feff680000 - 0x000007feff6e7000 	C:\windows\system32\GDI32.dll
0x000007fefe570000 - 0x000007fefe57e000 	C:\windows\system32\LPK.dll
0x000007fefe1d0000 - 0x000007fefe29a000 	C:\windows\system32\USP10.dll
0x000007fefc830000 - 0x000007fefca24000 	C:\windows\WinSxS\amd64_microsoft.windows.common-controls_6595b64144ccf1df_6.0.7601.18837_none_fa3b1e3d17594757\COMCTL32.dll
0x000007fefe2a0000 - 0x000007fefe311000 	C:\windows\system32\SHLWAPI.dll
0x000007feff800000 - 0x000007feff82e000 	C:\windows\system32\IMM32.DLL
0x000007feff6f0000 - 0x000007feff7f9000 	C:\windows\system32\MSCTF.dll
0x0000000071b80000 - 0x0000000071c52000 	C:\Program Files\Java\jdk1.8.0_65\jre\bin\msvcr100.dll
0x000000005e4a0000 - 0x000000005ed29000 	C:\Program Files\Java\jdk1.8.0_65\jre\bin\server\jvm.dll
0x000007fef9f70000 - 0x000007fef9f79000 	C:\windows\system32\WSOCK32.dll
0x000007fefde50000 - 0x000007fefde9d000 	C:\windows\system32\WS2_32.dll
0x000007fefde40000 - 0x000007fefde48000 	C:\windows\system32\NSI.dll
0x000007fefacc0000 - 0x000007fefacfb000 	C:\windows\system32\WINMM.dll
0x000007fefc500000 - 0x000007fefc50c000 	C:\windows\system32\VERSION.dll
0x0000000077c50000 - 0x0000000077c57000 	C:\windows\system32\PSAPI.DLL
0x0000000074580000 - 0x000000007458f000 	C:\Program Files\Java\jdk1.8.0_65\jre\bin\verify.dll
0x0000000074550000 - 0x0000000074579000 	C:\Program Files\Java\jdk1.8.0_65\jre\bin\java.dll
0x0000000074530000 - 0x0000000074546000 	C:\Program Files\Java\jdk1.8.0_65\jre\bin\zip.dll
0x000007fefe6e0000 - 0x000007feff469000 	C:\windows\system32\SHELL32.dll
0x000007fefdfc0000 - 0x000007fefe1c3000 	C:\windows\system32\ole32.dll
0x000007fefd7b0000 - 0x000007fefd7bf000 	C:\windows\system32\profapi.dll

VM Arguments:
jvm_args: -Djava.awt.headless=true -Xmx1024M -Dfile.encoding=windows-1252 -Duser.country=US -Duser.language=en -Duser.variant 
java_command: com.android.dx.command.Main --dex --force-jumbo --num-threads=4 --output C:\Users\IBM_ADMIN\Documents\IBM\Bluemix\android\ChatService\app\build\intermediates\pre-dexed\debug\com.android.support-support-compat-25.0.0_de0e376f27faaa9374dd2ca36284cd14fd7a4183.jar C:\Users\IBM_ADMIN\Documents\IBM\Bluemix\android\ChatService\app\build\intermediates\exploded-aar\com.android.support\support-compat\25.0.0\jars\classes.jar
java_class_path (initial): C:\Users\IBM_ADMIN\AppData\Local\Android\sdk\build-tools\24.0.2\lib\dx.jar
Launcher Type: SUN_STANDARD

Environment Variables:
JAVA_HOME=C:\Program Files\Java\jdk1.8.0_65\
CLASSPATH=C:\STAF\samples\demo\STAFDemo.jar;C:\STAF\bin\JSTAF.jar
PATH=C:\STAF\bin;C:\IBM\SDP32\jdk64\jre\bin;C:\ProgramData\Oracle\Java\javapath;C:\windows\system32;C:\windows;C:\windows\System32\Wbem;C:\windows\System32\WindowsPowerShell\v1.0\;C:\Program Files\IBM\Infoprint Select;C:\Program Files\ThinkPad\Bluetooth Software\;C:\Program Files\ThinkPad\Bluetooth Software\syswow64;C:\Program Files\Intel\WiFi\bin\;C:\Program Files\Common Files\Intel\WirelessCommon\;C:\Datacap\dcshared;C:\Program Files\nodejs\;C:\Program Files (x86)\Skype\Phone\;C:\Program Files (x86)\CloudFoundry;C:\Program Files\OpenVPN\bin;C:\Program Files\CloudFoundry;C:\Program Files\IBM\Bluemix\bin;C:\IBM\RationalRLKS\jre\bin;C:\Program Files\Intel\WiFi\bin\;C:\Program Files\Common Files\Intel\WirelessCommon\;C:\UnxUtils\usr\local\wbin;C:\UnxUtils\bin;C:\IBM\SDP\jdk\bin;C:\Users\IBM_ADMIN\AppData\Local\atom\bin;C:\Users\IBM_ADMIN\AppData\Roaming\npm;C:\Program Files\Git\bin;C:\Users\IBM_ADMIN\AppData\Local\.meteor\;C:\IBM\MobileFirst-8.0.0.0\apache-maven-3.3.9\bin;
USERNAME=fechavez
OS=Windows_NT
PROCESSOR_IDENTIFIER=Intel64 Family 6 Model 58 Stepping 9, GenuineIntel



---------------  S Y S T E M  ---------------

OS: Windows 7 , 64 bit Build 7601 (6.1.7601.23569)

CPU:total 4 (2 cores per cpu, 2 threads per core) family 6 model 58 stepping 9, cmov, cx8, fxsr, mmx, sse, sse2, sse3, ssse3, sse4.1, sse4.2, popcnt, avx, aes, clmul, erms, ht, tsc, tscinvbit, tscinv

Memory: 4k page, physical 8054068k(981712k free), swap 9710276k(5200k free)

vm_info: Java HotSpot(TM) 64-Bit Server VM (25.65-b01) for windows-amd64 JRE (1.8.0_65-b17), built on Oct  6 2015 16:39:20 by "java_re" with MS VC++ 10.0 (VS2010)

time: Mon Dec 05 21:48:12 2016
elapsed time: 12 seconds (0d 0h 0m 12s)

