#
# There is insufficient memory for the Java Runtime Environment to continue.
# Native memory allocation (malloc) failed to allocate 646576 bytes for Chunk::new
# Possible reasons:
#   The system is out of physical RAM or swap space
#   In 32 bit mode, the process size limit was hit
# Possible solutions:
#   Reduce memory load on the system
#   Increase physical memory or swap space
#   Check if swap backing store is full
#   Use 64 bit Java on a 64 bit OS
#   Decrease Java heap size (-Xmx/-Xms)
#   Decrease number of Java threads
#   Decrease Java thread stack sizes (-Xss)
#   Set larger code cache with -XX:ReservedCodeCacheSize=
# This output file may be truncated or incomplete.
#
#  Out of Memory Error (allocation.cpp:390), pid=1908, tid=5364
#
# JRE version: Java(TM) SE Runtime Environment (8.0_65-b17) (build 1.8.0_65-b17)
# Java VM: Java HotSpot(TM) 64-Bit Server VM (25.65-b01 mixed mode windows-amd64 compressed oops)
# Failed to write core dump. Minidumps are not enabled by default on client versions of Windows
#

---------------  T H R E A D  ---------------

Current thread (0x0000000056195000):  JavaThread "C2 CompilerThread1" daemon [_thread_in_native, id=5364, stack(0x0000000056c40000,0x0000000056d40000)]

Stack: [0x0000000056c40000,0x0000000056d40000]
[error occurred during error reporting (printing stack bounds), id 0xc0000005]

Native frames: (J=compiled Java code, j=interpreted, Vv=VM code, C=native code)


Current CompileTask:
C2:   4453 1254       4       com.android.dx.ssa.LocalVariableExtractor::processBlock (383 bytes)


---------------  P R O C E S S  ---------------

Java Threads: ( => current thread )
  0x00000000562f5000 JavaThread "pool-1-thread-4" [_thread_blocked, id=10392, stack(0x00000000574f0000,0x00000000575f0000)]
  0x00000000562f4800 JavaThread "pool-1-thread-3" [_thread_in_vm, id=3620, stack(0x0000000057610000,0x0000000057710000)]
  0x00000000562f3800 JavaThread "pool-1-thread-2" [_thread_in_Java, id=10016, stack(0x00000000573c0000,0x00000000574c0000)]
  0x00000000562e4800 JavaThread "pool-2-thread-1" [_thread_blocked, id=4572, stack(0x0000000057210000,0x0000000057310000)]
  0x00000000562d3800 JavaThread "pool-1-thread-1" [_thread_in_Java, id=11024, stack(0x00000000569c0000,0x0000000056ac0000)]
  0x0000000056198800 JavaThread "Service Thread" daemon [_thread_blocked, id=10768, stack(0x0000000057010000,0x0000000057110000)]
  0x0000000056196000 JavaThread "C1 CompilerThread2" daemon [_thread_blocked, id=12256, stack(0x0000000056da0000,0x0000000056ea0000)]
=>0x0000000056195000 JavaThread "C2 CompilerThread1" daemon [_thread_in_native, id=5364, stack(0x0000000056c40000,0x0000000056d40000)]
  0x0000000056193000 JavaThread "C2 CompilerThread0" daemon [_thread_in_native, id=10380, stack(0x0000000056ae0000,0x0000000056be0000)]
  0x0000000056190800 JavaThread "Attach Listener" daemon [_thread_blocked, id=3120, stack(0x00000000568b0000,0x00000000569b0000)]
  0x0000000054d02000 JavaThread "Signal Dispatcher" daemon [_thread_blocked, id=2804, stack(0x00000000566b0000,0x00000000567b0000)]
  0x0000000054ca1800 JavaThread "Finalizer" daemon [_thread_blocked, id=10780, stack(0x0000000055d90000,0x0000000055e90000)]
  0x0000000054ca0000 JavaThread "Reference Handler" daemon [_thread_blocked, id=4448, stack(0x0000000056090000,0x0000000056190000)]
  0x0000000001eaf800 JavaThread "main" [_thread_blocked, id=9928, stack(0x00000000021a0000,0x00000000022a0000)]

Other Threads:
  0x0000000054c9a800 VMThread [stack: 0x0000000055eb0000,0x0000000055fb0000] [id=8900]
  0x0000000056215000 WatcherThread [stack: 0x0000000056590000,0x0000000056690000] [id=7528]

VM state:not at safepoint (normal execution)

VM Mutex/Monitor currently owned by a thread: None

Heap:
 PSYoungGen      total 36864K, used 33602K [0x00000000eab00000, 0x00000000ef300000, 0x0000000100000000)
  eden space 31744K, 89% used [0x00000000eab00000,0x00000000ec6d7c60,0x00000000eca00000)
  from space 5120K, 99% used [0x00000000eca00000,0x00000000ecef8eb8,0x00000000ecf00000)
  to   space 5120K, 0% used [0x00000000eee00000,0x00000000eee00000,0x00000000ef300000)
 ParOldGen       total 84992K, used 1879K [0x00000000c0000000, 0x00000000c5300000, 0x00000000eab00000)
  object space 84992K, 2% used [0x00000000c0000000,0x00000000c01d5d60,0x00000000c5300000)
 Metaspace       used 5967K, capacity 7024K, committed 7296K, reserved 1056768K
  class space    used 593K, capacity 616K, committed 640K, reserved 1048576K

Card table byte_map: [0x0000000011930000,0x0000000011b40000] byte_map_base: 0x0000000011330000

Marking Bits: (ParMarkBitMap*) 0x000000005ecaa5b0
 Begin Bits: [0x0000000012110000, 0x0000000013110000)
 End Bits:   [0x0000000013110000, 0x0000000014110000)

Polling page: 0x0000000000440000

CodeCache: size=245760Kb used=5285Kb max_used=5285Kb free=240474Kb
 bounds [0x0000000002570000, 0x0000000002aa0000, 0x0000000011570000]
 total_blobs=1591 nmethods=1325 adapters=179
 compilation: enabled

Compilation events (10 events):
Event: 4.443 Thread 0x0000000056196000 1333       1       com.android.dx.rop.cst.CstKnownNull::getType (4 bytes)
Event: 4.444 Thread 0x0000000056196000 nmethod 1333 0x0000000002a946d0 code [0x0000000002a94820, 0x0000000002a94930]
Event: 4.444 Thread 0x0000000056196000 1334       2       com.android.dx.dex.code.SimpleInsn::<init> (8 bytes)
Event: 4.444 Thread 0x0000000056196000 nmethod 1334 0x0000000002a97d90 code [0x0000000002a97f00, 0x0000000002a98068]
Event: 4.445 Thread 0x0000000056196000 1335       2       com.android.dx.cf.code.OneLocalsArray::makeInitialized (55 bytes)
Event: 4.445 Thread 0x0000000056196000 nmethod 1335 0x0000000002a9b910 code [0x0000000002a9baa0, 0x0000000002a9be38]
Event: 4.445 Thread 0x0000000056196000 1336       2       com.android.dx.util.Hex::u2 (44 bytes)
Event: 4.446 Thread 0x0000000056196000 nmethod 1336 0x0000000002a9c150 code [0x0000000002a9c2e0, 0x0000000002a9c738]
Event: 4.447 Thread 0x0000000056196000 1337       2       com.android.dx.rop.code.ThrowingInsn::<init> (49 bytes)
Event: 4.448 Thread 0x0000000056196000 nmethod 1337 0x0000000002a95dd0 code [0x0000000002a95f60, 0x0000000002a96288]

GC Heap History (2 events):
Event: 3.415 GC heap before
{Heap before GC invocations=1 (full 0):
 PSYoungGen      total 36864K, used 31744K [0x00000000eab00000, 0x00000000ed400000, 0x0000000100000000)
  eden space 31744K, 100% used [0x00000000eab00000,0x00000000eca00000,0x00000000eca00000)
  from space 5120K, 0% used [0x00000000ecf00000,0x00000000ecf00000,0x00000000ed400000)
  to   space 5120K, 0% used [0x00000000eca00000,0x00000000eca00000,0x00000000ecf00000)
 ParOldGen       total 84992K, used 0K [0x00000000c0000000, 0x00000000c5300000, 0x00000000eab00000)
  object space 84992K, 0% used [0x00000000c0000000,0x00000000c0000000,0x00000000c5300000)
 Metaspace       used 5836K, capacity 6896K, committed 7040K, reserved 1056768K
  class space    used 592K, capacity 616K, committed 640K, reserved 1048576K
Event: 4.104 GC heap after
Heap after GC invocations=1 (full 0):
 PSYoungGen      total 36864K, used 5091K [0x00000000eab00000, 0x00000000ef300000, 0x0000000100000000)
  eden space 31744K, 0% used [0x00000000eab00000,0x00000000eab00000,0x00000000eca00000)
  from space 5120K, 99% used [0x00000000eca00000,0x00000000ecef8eb8,0x00000000ecf00000)
  to   space 5120K, 0% used [0x00000000eee00000,0x00000000eee00000,0x00000000ef300000)
 ParOldGen       total 84992K, used 1879K [0x00000000c0000000, 0x00000000c5300000, 0x00000000eab00000)
  object space 84992K, 2% used [0x00000000c0000000,0x00000000c01d5d60,0x00000000c5300000)
 Metaspace       used 5836K, capacity 6896K, committed 7040K, reserved 1056768K
  class space    used 592K, capacity 616K, committed 640K, reserved 1048576K
}

Deoptimization events (10 events):
Event: 4.208 Thread 0x0000000001eaf800 Uncommon trap: reason=unstable_if action=reinterpret pc=0x000000000291c884 method=com.android.dx.rop.code.RegisterSpec.equals(ILcom/android/dx/rop/type/TypeBearer;Lcom/android/dx/rop/code/LocalItem;)Z @ 42
Event: 4.232 Thread 0x0000000001eaf800 Uncommon trap: reason=bimorphic action=maybe_recompile pc=0x000000000279684c method=java.util.HashMap.getNode(ILjava/lang/Object;)Ljava/util/HashMap$Node; @ 126
Event: 4.232 Thread 0x0000000001eaf800 Uncommon trap: reason=class_check action=maybe_recompile pc=0x000000000296b790 method=java.util.HashMap.putVal(ILjava/lang/Object;Ljava/lang/Object;ZZ)Ljava/lang/Object; @ 203
Event: 4.232 Thread 0x0000000001eaf800 Uncommon trap: reason=bimorphic action=maybe_recompile pc=0x000000000279684c method=java.util.HashMap.getNode(ILjava/lang/Object;)Ljava/util/HashMap$Node; @ 126
Event: 4.232 Thread 0x0000000001eaf800 Uncommon trap: reason=class_check action=maybe_recompile pc=0x000000000296b790 method=java.util.HashMap.putVal(ILjava/lang/Object;Ljava/lang/Object;ZZ)Ljava/lang/Object; @ 203
Event: 4.232 Thread 0x0000000001eaf800 Uncommon trap: reason=bimorphic action=maybe_recompile pc=0x000000000279684c method=java.util.HashMap.getNode(ILjava/lang/Object;)Ljava/util/HashMap$Node; @ 126
Event: 4.232 Thread 0x0000000001eaf800 Uncommon trap: reason=bimorphic action=maybe_recompile pc=0x000000000279684c method=java.util.HashMap.getNode(ILjava/lang/Object;)Ljava/util/HashMap$Node; @ 126
Event: 4.232 Thread 0x0000000001eaf800 Uncommon trap: reason=unstable_if action=reinterpret pc=0x00000000028969c4 method=com.android.dx.rop.cst.Constant.compareTo(Lcom/android/dx/rop/cst/Constant;)I @ 12
Event: 4.232 Thread 0x0000000001eaf800 Uncommon trap: reason=class_check action=maybe_recompile pc=0x000000000296b790 method=java.util.HashMap.putVal(ILjava/lang/Object;Ljava/lang/Object;ZZ)Ljava/lang/Object; @ 203
Event: 4.232 Thread 0x0000000001eaf800 Uncommon trap: reason=bimorphic action=maybe_recompile pc=0x00000000028f1284 method=java.util.HashMap.getNode(ILjava/lang/Object;)Ljava/util/HashMap$Node; @ 126

Internal exceptions (2 events):
Event: 1.429 Thread 0x0000000001eaf800 Exception <a 'java/lang/NoSuchMethodError': Method sun.misc.Unsafe.defineClass(Ljava/lang/String;[BII)Ljava/lang/Class; name or signature does not match> (0x00000000eab0d988) thrown at [C:\workspace\8-2-build-windows-amd64-cygwin\jdk8u65\4987\hotspot\src\sVψ<έφ?
Event: 1.429 Thread 0x0000000001eaf800 Exception <a 'java/lang/NoSuchMethodError': Method sun.misc.Unsafe.prefetchRead(Ljava/lang/Object;J)V name or signature does not match> (0x00000000eab0dc70) thrown at [C:\workspace\8-2-build-windows-amd64-cygwin\jdk8u65\4987\hotspot\src\share\vm\prims\jni.

Events (10 events):
Event: 4.368 Thread 0x0000000001eaf800 DEOPT PACKING pc=0x00000000028f5775 sp=0x000000000229e150
Event: 4.368 Thread 0x0000000001eaf800 DEOPT UNPACKING pc=0x00000000025b787f sp=0x000000000229dee8 mode 0
Event: 4.373 Thread 0x00000000562f5000 DEOPT PACKING pc=0x00000000028f5775 sp=0x00000000575ee830
Event: 4.373 Thread 0x00000000562f5000 DEOPT UNPACKING pc=0x00000000025b787f sp=0x00000000575ee5c8 mode 0
Event: 4.417 loading class java/util/HashMap$KeySet
Event: 4.418 loading class java/util/HashMap$KeySet done
Event: 4.418 loading class java/util/HashMap$KeyIterator
Event: 4.418 loading class java/util/HashMap$KeyIterator done
Event: 4.448 Thread 0x00000000562f5000 DEOPT PACKING pc=0x00000000028f5775 sp=0x00000000575ee830
Event: 4.448 Thread 0x00000000562f5000 DEOPT UNPACKING pc=0x00000000025b787f sp=0x00000000575ee5c8 mode 0


Dynamic libraries:
0x000000013f980000 - 0x000000013f9b7000 	C:\Program Files\Java\jdk1.8.0_65\bin\java.exe
0x0000000077a80000 - 0x0000000077c2a000 	C:\windows\SYSTEM32\ntdll.dll
0x0000000077860000 - 0x000000007797f000 	C:\windows\system32\kernel32.dll
0x000007fefda80000 - 0x000007fefdaea000 	C:\windows\system32\KERNELBASE.dll
0x00000000754b0000 - 0x0000000075539000 	C:\windows\System32\SYSFER.DLL
0x000007feff470000 - 0x000007feff54b000 	C:\windows\system32\ADVAPI32.dll
0x000007fefdec0000 - 0x000007fefdf5f000 	C:\windows\system32\msvcrt.dll
0x000007fefe550000 - 0x000007fefe56f000 	C:\windows\SYSTEM32\sechost.dll
0x000007feff550000 - 0x000007feff67d000 	C:\windows\system32\RPCRT4.dll
0x0000000077980000 - 0x0000000077a7a000 	C:\windows\system32\USER32.dll
0x000007feff680000 - 0x000007feff6e7000 	C:\windows\system32\GDI32.dll
0x000007fefe570000 - 0x000007fefe57e000 	C:\windows\system32\LPK.dll
0x000007fefe1d0000 - 0x000007fefe29a000 	C:\windows\system32\USP10.dll
0x000007fefc830000 - 0x000007fefca24000 	C:\windows\WinSxS\amd64_microsoft.windows.common-controls_6595b64144ccf1df_6.0.7601.18837_none_fa3b1e3d17594757\COMCTL32.dll
0x000007fefe2a0000 - 0x000007fefe311000 	C:\windows\system32\SHLWAPI.dll
0x000007feff800000 - 0x000007feff82e000 	C:\windows\system32\IMM32.DLL
0x000007feff6f0000 - 0x000007feff7f9000 	C:\windows\system32\MSCTF.dll
0x0000000071b80000 - 0x0000000071c52000 	C:\Program Files\Java\jdk1.8.0_65\jre\bin\msvcr100.dll
0x000000005e4a0000 - 0x000000005ed29000 	C:\Program Files\Java\jdk1.8.0_65\jre\bin\server\jvm.dll
0x000007fef9f70000 - 0x000007fef9f79000 	C:\windows\system32\WSOCK32.dll
0x000007fefde50000 - 0x000007fefde9d000 	C:\windows\system32\WS2_32.dll
0x000007fefde40000 - 0x000007fefde48000 	C:\windows\system32\NSI.dll
0x000007fefacc0000 - 0x000007fefacfb000 	C:\windows\system32\WINMM.dll
0x000007fefc500000 - 0x000007fefc50c000 	C:\windows\system32\VERSION.dll
0x0000000077c50000 - 0x0000000077c57000 	C:\windows\system32\PSAPI.DLL
0x0000000074580000 - 0x000000007458f000 	C:\Program Files\Java\jdk1.8.0_65\jre\bin\verify.dll
0x0000000074550000 - 0x0000000074579000 	C:\Program Files\Java\jdk1.8.0_65\jre\bin\java.dll
0x0000000074530000 - 0x0000000074546000 	C:\Program Files\Java\jdk1.8.0_65\jre\bin\zip.dll
0x000007fefe6e0000 - 0x000007feff469000 	C:\windows\system32\SHELL32.dll
0x000007fefdfc0000 - 0x000007fefe1c3000 	C:\windows\system32\ole32.dll
0x000007fefd7b0000 - 0x000007fefd7bf000 	C:\windows\system32\profapi.dll

VM Arguments:
jvm_args: -Djava.awt.headless=true -Xmx1024M -Dfile.encoding=windows-1252 -Duser.country=US -Duser.language=en -Duser.variant 
java_command: com.android.dx.command.Main --dex --force-jumbo --num-threads=4 --output C:\Users\IBM_ADMIN\Documents\IBM\Bluemix\android\ChatService\app\build\intermediates\pre-dexed\debug\com.android.support-support-fragment-25.0.0_6c2a6e128f24758ca19ee931d6144666a4c81c65.jar C:\Users\IBM_ADMIN\Documents\IBM\Bluemix\android\ChatService\app\build\intermediates\exploded-aar\com.android.support\support-fragment\25.0.0\jars\classes.jar
java_class_path (initial): C:\Users\IBM_ADMIN\AppData\Local\Android\sdk\build-tools\24.0.2\lib\dx.jar
Launcher Type: SUN_STANDARD

Environment Variables:
JAVA_HOME=C:\Program Files\Java\jdk1.8.0_65\
CLASSPATH=C:\STAF\samples\demo\STAFDemo.jar;C:\STAF\bin\JSTAF.jar
PATH=C:\STAF\bin;C:\IBM\SDP32\jdk64\jre\bin;C:\ProgramData\Oracle\Java\javapath;C:\windows\system32;C:\windows;C:\windows\System32\Wbem;C:\windows\System32\WindowsPowerShell\v1.0\;C:\Program Files\IBM\Infoprint Select;C:\Program Files\ThinkPad\Bluetooth Software\;C:\Program Files\ThinkPad\Bluetooth Software\syswow64;C:\Program Files\Intel\WiFi\bin\;C:\Program Files\Common Files\Intel\WirelessCommon\;C:\Datacap\dcshared;C:\Program Files\nodejs\;C:\Program Files (x86)\Skype\Phone\;C:\Program Files (x86)\CloudFoundry;C:\Program Files\OpenVPN\bin;C:\Program Files\CloudFoundry;C:\Program Files\IBM\Bluemix\bin;C:\IBM\RationalRLKS\jre\bin;C:\Program Files\Intel\WiFi\bin\;C:\Program Files\Common Files\Intel\WirelessCommon\;C:\UnxUtils\usr\local\wbin;C:\UnxUtils\bin;C:\IBM\SDP\jdk\bin;C:\Users\IBM_ADMIN\AppData\Local\atom\bin;C:\Users\IBM_ADMIN\AppData\Roaming\npm;C:\Program Files\Git\bin;C:\Users\IBM_ADMIN\AppData\Local\.meteor\;C:\IBM\MobileFirst-8.0.0.0\apache-maven-3.3.9\bin;
USERNAME=fechavez
OS=Windows_NT
PROCESSOR_IDENTIFIER=Intel64 Family 6 Model 58 Stepping 9, GenuineIntel



---------------  S Y S T E M  ---------------

OS: Windows 7 , 64 bit Build 7601 (6.1.7601.23569)

CPU:total 4 (2 cores per cpu, 2 threads per core) family 6 model 58 stepping 9, cmov, cx8, fxsr, mmx, sse, sse2, sse3, ssse3, sse4.1, sse4.2, popcnt, avx, aes, clmul, erms, ht, tsc, tscinvbit, tscinv

Memory: 4k page, physical 8054068k(981704k free), swap 9710276k(5200k free)

vm_info: Java HotSpot(TM) 64-Bit Server VM (25.65-b01) for windows-amd64 JRE (1.8.0_65-b17), built on Oct  6 2015 16:39:20 by "java_re" with MS VC++ 10.0 (VS2010)

time: Mon Dec 05 21:48:12 2016
elapsed time: 4 seconds (0d 0h 0m 4s)

